<?xml version="1.0" encoding="UTF-8"?>
<!-- Generated by org.testng.reporters.JUnitReportReporter -->
<testsuite skipped="0" hostname="DESKTOP-ACI7R7L" name="TestRunner.WebRunnerTest" tests="3" failures="0" timestamp="2023-03-02T19:23:36 BDT" time="15.311" errors="0">
  <testcase name="runScenario" time="4.640" classname="TestRunner.WebRunnerTest"/>
  <system-out/>
  <testcase name="runScenario" time="8.681" classname="TestRunner.WebRunnerTest"/>
  <system-out/>
  <testcase name="runScenario" time="1.990" classname="TestRunner.WebRunnerTest"/>
  <system-out/>
</testsuite> <!-- TestRunner.WebRunnerTest -->
