<?xml version="1.0" encoding="UTF-8"?>
<!-- Generated by org.testng.reporters.JUnitReportReporter -->
<testsuite skipped="0" hostname="DESKTOP-ACI7R7L" name="TestRunner.WebRunnerTest" tests="3" failures="0" timestamp="2023-03-28T23:21:13 BDT" time="15.900" errors="0">
  <testcase name="runScenario" time="7.783" classname="TestRunner.WebRunnerTest"/>
  <system-out/>
  <testcase name="runScenario" time="7.056" classname="TestRunner.WebRunnerTest"/>
  <system-out/>
  <testcase name="runScenario" time="1.061" classname="TestRunner.WebRunnerTest"/>
  <system-out/>
</testsuite> <!-- TestRunner.WebRunnerTest -->
