<?xml version="1.0" encoding="UTF-8"?>
<!-- Generated by org.testng.reporters.JUnitReportReporter -->
<testsuite skipped="0" hostname="DESKTOP-ACI7R7L" name="TestRunner.WebRunnerTest" tests="4" failures="0" timestamp="2023-03-25T22:24:24 BDT" time="56.487" errors="0">
  <testcase name="runScenario" time="4.805" classname="TestRunner.WebRunnerTest"/>
  <system-out/>
  <testcase name="runScenario" time="2.240" classname="TestRunner.WebRunnerTest"/>
  <system-out/>
  <testcase name="runScenario" time="39.501" classname="TestRunner.WebRunnerTest"/>
  <system-out/>
  <testcase name="runScenario" time="9.941" classname="TestRunner.WebRunnerTest"/>
  <system-out/>
</testsuite> <!-- TestRunner.WebRunnerTest -->
